{"C:\\Users\\rolda\\OneDrive\\Documents\\Projects\\udemy\\reactJS\\exercicios\\exer1\\src\\index.js": {"path":"C:\\Users\\rolda\\OneDrive\\Documents\\Projects\\udemy\\reactJS\\exercicios\\exer1\\src\\index.js","statementMap":{"0":{"start":{"line":6,"column":13},"end":{"line":6,"column":65}},"1":{"start":{"line":7,"column":0},"end":{"line":11,"column":2}}},"fnMap":{},"branchMap":{},"s":{"0":0,"1":0},"f":{},"b":{}}
,"C:\\Users\\rolda\\OneDrive\\Documents\\Projects\\udemy\\reactJS\\exercicios\\exer1\\src\\Home\\Home.jsx": {"path":"C:\\Users\\rolda\\OneDrive\\Documents\\Projects\\udemy\\reactJS\\exercicios\\exer1\\src\\Home\\Home.jsx","statementMap":{"0":{"start":{"line":9,"column":13},"end":{"line":88,"column":1}},"1":{"start":{"line":10,"column":30},"end":{"line":10,"column":42}},"2":{"start":{"line":11,"column":36},"end":{"line":11,"column":48}},"3":{"start":{"line":12,"column":28},"end":{"line":12,"column":39}},"4":{"start":{"line":13,"column":26},"end":{"line":13,"column":37}},"5":{"start":{"line":14,"column":32},"end":{"line":14,"column":44}},"6":{"start":{"line":16,"column":22},"end":{"line":16,"column":59}},"7":{"start":{"line":18,"column":24},"end":{"line":24,"column":7}},"8":{"start":{"line":21,"column":4},"end":{"line":21,"column":67}},"9":{"start":{"line":26,"column":24},"end":{"line":34,"column":3}},"10":{"start":{"line":27,"column":21},"end":{"line":27,"column":39}},"11":{"start":{"line":28,"column":22},"end":{"line":28,"column":70}},"12":{"start":{"line":30,"column":4},"end":{"line":30,"column":29}},"13":{"start":{"line":32,"column":4},"end":{"line":32,"column":19}},"14":{"start":{"line":33,"column":4},"end":{"line":33,"column":21}},"15":{"start":{"line":36,"column":26},"end":{"line":41,"column":8}},"16":{"start":{"line":37,"column":27},"end":{"line":37,"column":43}},"17":{"start":{"line":39,"column":4},"end":{"line":39,"column":53}},"18":{"start":{"line":40,"column":4},"end":{"line":40,"column":31}},"19":{"start":{"line":43,"column":2},"end":{"line":45,"column":38}},"20":{"start":{"line":44,"column":4},"end":{"line":44,"column":36}},"21":{"start":{"line":47,"column":23},"end":{"line":50,"column":3}},"22":{"start":{"line":48,"column":22},"end":{"line":48,"column":30}},"23":{"start":{"line":49,"column":4},"end":{"line":49,"column":20}},"24":{"start":{"line":52,"column":2},"end":{"line":87,"column":3}}},"fnMap":{"0":{"name":"(anonymous_0)","decl":{"start":{"line":9,"column":13},"end":{"line":9,"column":14}},"loc":{"start":{"line":9,"column":19},"end":{"line":88,"column":1}},"line":9},"1":{"name":"(anonymous_1)","decl":{"start":{"line":20,"column":18},"end":{"line":20,"column":19}},"loc":{"start":{"line":20,"column":26},"end":{"line":22,"column":3}},"line":20},"2":{"name":"(anonymous_2)","decl":{"start":{"line":26,"column":24},"end":{"line":26,"column":25}},"loc":{"start":{"line":26,"column":30},"end":{"line":34,"column":3}},"line":26},"3":{"name":"(anonymous_3)","decl":{"start":{"line":36,"column":38},"end":{"line":36,"column":39}},"loc":{"start":{"line":36,"column":67},"end":{"line":41,"column":3}},"line":36},"4":{"name":"(anonymous_4)","decl":{"start":{"line":43,"column":12},"end":{"line":43,"column":13}},"loc":{"start":{"line":43,"column":18},"end":{"line":45,"column":3}},"line":43},"5":{"name":"(anonymous_5)","decl":{"start":{"line":47,"column":23},"end":{"line":47,"column":24}},"loc":{"start":{"line":47,"column":30},"end":{"line":50,"column":3}},"line":47}},"branchMap":{"0":{"loc":{"start":{"line":18,"column":24},"end":{"line":24,"column":7}},"type":"cond-expr","locations":[{"start":{"line":20,"column":2},"end":{"line":22,"column":4}},{"start":{"line":24,"column":2},"end":{"line":24,"column":7}}],"line":18},"1":{"loc":{"start":{"line":55,"column":10},"end":{"line":57,"column":9}},"type":"binary-expr","locations":[{"start":{"line":55,"column":10},"end":{"line":55,"column":18}},{"start":{"line":56,"column":12},"end":{"line":56,"column":49}}],"line":55},"2":{"loc":{"start":{"line":65,"column":7},"end":{"line":67,"column":7}},"type":"binary-expr","locations":[{"start":{"line":65,"column":7},"end":{"line":65,"column":33}},{"start":{"line":66,"column":8},"end":{"line":66,"column":48}}],"line":65},"3":{"loc":{"start":{"line":69,"column":7},"end":{"line":73,"column":7}},"type":"binary-expr","locations":[{"start":{"line":69,"column":7},"end":{"line":69,"column":31}},{"start":{"line":70,"column":8},"end":{"line":72,"column":10}}],"line":69},"4":{"loc":{"start":{"line":76,"column":10},"end":{"line":84,"column":9}},"type":"binary-expr","locations":[{"start":{"line":76,"column":10},"end":{"line":76,"column":18}},{"start":{"line":77,"column":10},"end":{"line":83,"column":13}}],"line":76}},"s":{"0":0,"1":0,"2":0,"3":0,"4":0,"5":0,"6":0,"7":0,"8":0,"9":0,"10":0,"11":0,"12":0,"13":0,"14":0,"15":0,"16":0,"17":0,"18":0,"19":0,"20":0,"21":0,"22":0,"23":0,"24":0},"f":{"0":0,"1":0,"2":0,"3":0,"4":0,"5":0},"b":{"0":[0,0],"1":[0,0],"2":[0,0],"3":[0,0],"4":[0,0]}}
,"C:\\Users\\rolda\\OneDrive\\Documents\\Projects\\udemy\\reactJS\\exercicios\\exer1\\src\\components\\Button\\index.jsx": {"path":"C:\\Users\\rolda\\OneDrive\\Documents\\Projects\\udemy\\reactJS\\exercicios\\exer1\\src\\components\\Button\\index.jsx","statementMap":{"0":{"start":{"line":4,"column":15},"end":{"line":14,"column":1}},"1":{"start":{"line":5,"column":4},"end":{"line":13,"column":6}}},"fnMap":{"0":{"name":"(anonymous_0)","decl":{"start":{"line":4,"column":15},"end":{"line":4,"column":16}},"loc":{"start":{"line":4,"column":48},"end":{"line":14,"column":1}},"line":4}},"branchMap":{},"s":{"0":1,"1":3},"f":{"0":3},"b":{},"_coverageSchema":"1a1c01bbd47fc00a2c39e90264f33305004495a9","hash":"afffd46852bf2552ea0fe2f663a9e37d82df5be5"}
,"C:\\Users\\rolda\\OneDrive\\Documents\\Projects\\udemy\\reactJS\\exercicios\\exer1\\src\\functions\\load-posts\\index.js": {"path":"C:\\Users\\rolda\\OneDrive\\Documents\\Projects\\udemy\\reactJS\\exercicios\\exer1\\src\\functions\\load-posts\\index.js","statementMap":{"0":{"start":{"line":1,"column":24},"end":{"line":15,"column":1}},"1":{"start":{"line":2,"column":26},"end":{"line":2,"column":77}},"2":{"start":{"line":3,"column":27},"end":{"line":3,"column":79}},"3":{"start":{"line":5,"column":28},"end":{"line":5,"column":78}},"4":{"start":{"line":7,"column":22},"end":{"line":7,"column":40}},"5":{"start":{"line":8,"column":23},"end":{"line":8,"column":42}},"6":{"start":{"line":10,"column":27},"end":{"line":12,"column":6}},"7":{"start":{"line":11,"column":6},"end":{"line":11,"column":54}},"8":{"start":{"line":14,"column":4},"end":{"line":14,"column":26}}},"fnMap":{"0":{"name":"(anonymous_0)","decl":{"start":{"line":1,"column":24},"end":{"line":1,"column":25}},"loc":{"start":{"line":1,"column":36},"end":{"line":15,"column":1}},"line":1},"1":{"name":"(anonymous_1)","decl":{"start":{"line":10,"column":41},"end":{"line":10,"column":42}},"loc":{"start":{"line":10,"column":58},"end":{"line":12,"column":5}},"line":10}},"branchMap":{},"s":{"0":0,"1":0,"2":0,"3":0,"4":0,"5":0,"6":0,"7":0,"8":0},"f":{"0":0,"1":0},"b":{}}
}
